2025-07-31 09:54:07,685 - __main__ - INFO - 🚀 Starting GPU Supply Oracle Service
2025-07-31 09:54:07,685 - __main__ - INFO - ⚙️  Configuration: {'rpc_url': 'https://sepolia.infura.io/v3/4741ca90677b4eacb46c3a9feffca75c', 'contract_address': '0xD09c139E59AD7e17B3B6e877391774E20B42Dd44', 'account_address': '0xc303588aC52785914787dBC11bABD8EBdbd4C174', 'agent_api_url': 'https://bccc652f8d02.ngrok-free.app', 'update_interval': 300, 'max_retries': 3, 'gas_limit': 200000, 'log_level': 'INFO', 'log_file': 'oracle.log'}
2025-07-31 09:54:07,686 - __main__ - INFO - 🔧 Initializing Oracle components...
2025-07-31 09:54:09,525 - src.oracle_client - INFO - Connected to blockchain: reth/v1.4.8-127595e/aarch64-unknown-linux-gnu
2025-07-31 09:54:09,525 - src.oracle_client - INFO - Account address: 0xc303588aC52785914787dBC11bABD8EBdbd4C174
2025-07-31 09:54:09,934 - src.oracle_client - INFO - Account balance: 0.19186511314113258 ETH
2025-07-31 09:54:09,935 - __main__ - INFO - 🧪 Testing initial connections...
2025-07-31 09:54:09,935 - src.data_fetcher - INFO - Fetching GPU supply data from agent
2025-07-31 09:54:10,247 - src.data_fetcher - ERROR - HTTP request failed: 403 Client Error: Forbidden for url: https://bccc652f8d02.ngrok-free.app/gpu-supply
2025-07-31 09:54:10,250 - __main__ - WARNING - ⚠️  Could not fetch initial data from agent, but continuing...
2025-07-31 09:54:10,962 - src.oracle_client - ERROR - Failed to get current supply: execution reverted
2025-07-31 09:54:10,962 - __main__ - WARNING - ⚠️  Could not read from contract, but continuing...
2025-07-31 09:54:10,963 - __main__ - INFO - 🎯 Running initial update cycle...
2025-07-31 09:54:10,963 - __main__ - INFO - 🔍 Fetching GPU supply data from agent
2025-07-31 09:54:10,963 - src.data_fetcher - INFO - Fetching GPU supply data from agent
2025-07-31 09:54:11,269 - src.data_fetcher - ERROR - HTTP request failed: 403 Client Error: Forbidden for url: https://bccc652f8d02.ngrok-free.app/gpu-supply
2025-07-31 09:54:11,270 - src.data_fetcher - WARNING - Fetch attempt 1 failed, retrying in 1s
2025-07-31 09:54:12,276 - src.data_fetcher - INFO - Fetching GPU supply data from agent
2025-07-31 09:54:12,576 - src.data_fetcher - ERROR - HTTP request failed: 403 Client Error: Forbidden for url: https://bccc652f8d02.ngrok-free.app/gpu-supply
2025-07-31 09:54:12,579 - src.data_fetcher - WARNING - Fetch attempt 2 failed, retrying in 2s
2025-07-31 09:54:14,584 - src.data_fetcher - INFO - Fetching GPU supply data from agent
2025-07-31 09:54:14,961 - src.data_fetcher - ERROR - HTTP request failed: 403 Client Error: Forbidden for url: https://bccc652f8d02.ngrok-free.app/gpu-supply
2025-07-31 09:54:14,965 - src.data_fetcher - ERROR - Failed to fetch data after 3 attempts
2025-07-31 09:54:14,965 - __main__ - ERROR - Failed to fetch GPU data from agent
2025-07-31 09:54:14,965 - src.scheduler - INFO - 🚀 Oracle scheduler started (interval: 300s)
2025-07-31 09:54:14,965 - __main__ - INFO - 📊 Oracle service is now running!
2025-07-31 09:54:14,966 - __main__ - INFO - ⏱️  Update interval: 300 seconds
2025-07-31 09:54:14,966 - __main__ - INFO - 📝 Logs: oracle.log
2025-07-31 09:54:14,966 - __main__ - INFO - Press Ctrl+C to stop the service
2025-07-31 09:55:15,218 - __main__ - INFO - Received signal 2, shutting down gracefully...
2025-07-31 09:55:15,220 - src.scheduler - INFO - 🛑 Oracle scheduler stopped after 0.0h
2025-07-31 09:55:15,220 - src.scheduler - INFO - 📊 Final stats: 0/0 updates successful
2025-07-31 09:55:15,220 - __main__ - INFO - Oracle service stopped
2025-07-31 09:55:44,140 - __main__ - INFO - 🚀 Starting GPU Supply Oracle Service
2025-07-31 09:55:44,141 - __main__ - INFO - ⚙️  Configuration: {'rpc_url': 'https://sepolia.infura.io/v3/4741ca90677b4eacb46c3a9feffca75c', 'contract_address': '0xD09c139E59AD7e17B3B6e877391774E20B42Dd44', 'account_address': '0xc303588aC52785914787dBC11bABD8EBdbd4C174', 'agent_api_url': 'https://bccc652f8d02.ngrok-free.app', 'update_interval': 300, 'max_retries': 3, 'gas_limit': 200000, 'log_level': 'INFO', 'log_file': 'oracle.log'}
2025-07-31 09:55:44,141 - __main__ - INFO - 🔧 Initializing Oracle components...
2025-07-31 09:55:45,495 - src.oracle_client - INFO - Connected to blockchain: reth/v1.4.8-127595e/aarch64-unknown-linux-gnu
2025-07-31 09:55:45,496 - src.oracle_client - INFO - Account address: 0xc303588aC52785914787dBC11bABD8EBdbd4C174
2025-07-31 09:55:45,755 - src.oracle_client - INFO - Account balance: 0.19186511314113258 ETH
2025-07-31 09:55:45,755 - __main__ - INFO - 🧪 Testing initial connections...
2025-07-31 09:55:45,755 - src.data_fetcher - INFO - Fetching GPU supply data from agent
2025-07-31 09:55:46,074 - src.data_fetcher - ERROR - HTTP request failed: 403 Client Error: Forbidden for url: https://bccc652f8d02.ngrok-free.app/gpu-supply
2025-07-31 09:55:46,078 - __main__ - WARNING - ⚠️  Could not fetch initial data from agent, but continuing...
2025-07-31 09:55:46,586 - src.oracle_client - ERROR - Failed to get current supply: execution reverted
2025-07-31 09:55:46,586 - __main__ - WARNING - ⚠️  Could not read from contract, but continuing...
2025-07-31 09:55:46,586 - __main__ - INFO - 🎯 Running initial update cycle...
2025-07-31 09:55:46,586 - __main__ - INFO - 🔍 Fetching GPU supply data from agent
2025-07-31 09:55:46,586 - src.data_fetcher - INFO - Fetching GPU supply data from agent
2025-07-31 09:55:46,963 - src.data_fetcher - ERROR - HTTP request failed: 403 Client Error: Forbidden for url: https://bccc652f8d02.ngrok-free.app/gpu-supply
2025-07-31 09:55:46,966 - src.data_fetcher - WARNING - Fetch attempt 1 failed, retrying in 1s
2025-07-31 09:55:47,971 - src.data_fetcher - INFO - Fetching GPU supply data from agent
2025-07-31 09:55:48,267 - src.data_fetcher - ERROR - HTTP request failed: 403 Client Error: Forbidden for url: https://bccc652f8d02.ngrok-free.app/gpu-supply
2025-07-31 09:55:48,270 - src.data_fetcher - WARNING - Fetch attempt 2 failed, retrying in 2s
2025-07-31 09:55:50,275 - src.data_fetcher - INFO - Fetching GPU supply data from agent
2025-07-31 09:55:50,551 - src.data_fetcher - ERROR - HTTP request failed: 403 Client Error: Forbidden for url: https://bccc652f8d02.ngrok-free.app/gpu-supply
2025-07-31 09:55:50,554 - src.data_fetcher - ERROR - Failed to fetch data after 3 attempts
2025-07-31 09:55:50,554 - __main__ - ERROR - Failed to fetch GPU data from agent
2025-07-31 09:55:50,554 - src.scheduler - INFO - 🚀 Oracle scheduler started (interval: 300s)
2025-07-31 09:55:50,554 - __main__ - INFO - 📊 Oracle service is now running!
2025-07-31 09:55:50,555 - __main__ - INFO - ⏱️  Update interval: 300 seconds
2025-07-31 09:55:50,555 - __main__ - INFO - 📝 Logs: oracle.log
2025-07-31 09:55:50,555 - __main__ - INFO - Press Ctrl+C to stop the service
2025-07-31 09:57:23,310 - __main__ - INFO - Received signal 2, shutting down gracefully...
2025-07-31 09:57:23,312 - src.scheduler - INFO - 🛑 Oracle scheduler stopped after 0.0h
2025-07-31 09:57:23,312 - src.scheduler - INFO - 📊 Final stats: 0/0 updates successful
2025-07-31 09:57:23,312 - __main__ - INFO - Oracle service stopped
